2026-03-28T00:01:23.151+05:30  INFO [notification-service,,] 1840 --- [notification-service] [AsyncResolver-bootstrap-executor-%d] [                                                 ] c.n.d.s.r.aws.ConfigClusterResolver      : Resolving eureka endpoints via configuration
2026-03-28T00:06:23.374+05:30  INFO [notification-service,,] 1840 --- [notification-service] [AsyncResolver-bootstrap-executor-%d] [                                                 ] c.n.d.s.r.aws.ConfigClusterResolver      : Resolving eureka endpoints via configuration
2026-03-28T00:11:23.401+05:30  INFO [notification-service,,] 1840 --- [notification-service] [AsyncResolver-bootstrap-executor-%d] [                                                 ] c.n.d.s.r.aws.ConfigClusterResolver      : Resolving eureka endpoints via configuration
2026-03-28T00:16:23.422+05:30  INFO [notification-service,,] 1840 --- [notification-service] [AsyncResolver-bootstrap-executor-%d] [                                                 ] c.n.d.s.r.aws.ConfigClusterResolver      : Resolving eureka endpoints via configuration
2026-03-28T00:21:23.439+05:30  INFO [notification-service,,] 1840 --- [notification-service] [AsyncResolver-bootstrap-executor-%d] [                                                 ] c.n.d.s.r.aws.ConfigClusterResolver      : Resolving eureka endpoints via configuration
2026-03-28T00:26:23.455+05:30  INFO [notification-service,,] 1840 --- [notification-service] [AsyncResolver-bootstrap-executor-%d] [                                                 ] c.n.d.s.r.aws.ConfigClusterResolver      : Resolving eureka endpoints via configuration
2026-03-28T00:29:09.917+05:30  INFO [notification-service,,] 1840 --- [notification-service] [org.springframework.amqp.rabbit.RabbitListenerEndpointContainer#0-1] [                                                 ] c.p.n.consumer.NotificationConsumer      : Received notification event for email=kandimallajashwanthreddy594@gmail.com
2026-03-28T00:29:15.795+05:30  INFO [notification-service,,] 1840 --- [notification-service] [org.springframework.amqp.rabbit.RabbitListenerEndpointContainer#0-1] [                                                 ] c.p.n.service.NotificationService        : Email sent to kandimallajashwanthreddy594@gmail.com
2026-03-28T00:29:15.795+05:30  INFO [notification-service,,] 1840 --- [notification-service] [org.springframework.amqp.rabbit.RabbitListenerEndpointContainer#0-1] [                                                 ] c.p.n.consumer.NotificationConsumer      : Notification event processed successfully for email=kandimallajashwanthreddy594@gmail.com
2026-03-28T00:31:23.484+05:30  INFO [notification-service,,] 1840 --- [notification-service] [AsyncResolver-bootstrap-executor-%d] [                                                 ] c.n.d.s.r.aws.ConfigClusterResolver      : Resolving eureka endpoints via configuration
2026-03-28T00:32:00.973+05:30  INFO [notification-service,,] 1840 --- [notification-service] [org.springframework.amqp.rabbit.RabbitListenerEndpointContainer#0-1] [                                                 ] c.p.n.consumer.NotificationConsumer      : Received notification event for email=shannuspiky1525@gmail.com
2026-03-28T00:32:06.033+05:30  INFO [notification-service,,] 1840 --- [notification-service] [org.springframework.amqp.rabbit.RabbitListenerEndpointContainer#0-1] [                                                 ] c.p.n.service.NotificationService        : Email sent to shannuspiky1525@gmail.com
2026-03-28T00:32:06.035+05:30  INFO [notification-service,,] 1840 --- [notification-service] [org.springframework.amqp.rabbit.RabbitListenerEndpointContainer#0-1] [                                                 ] c.p.n.consumer.NotificationConsumer      : Notification event processed successfully for email=shannuspiky1525@gmail.com
2026-03-28T00:36:23.494+05:30  INFO [notification-service,,] 1840 --- [notification-service] [AsyncResolver-bootstrap-executor-%d] [                                                 ] c.n.d.s.r.aws.ConfigClusterResolver      : Resolving eureka endpoints via configuration
2026-03-28T00:38:35.240+05:30  INFO [notification-service,,] 29236 --- [notification-service] [main] [                                                 ] c.p.n.NotificationServiceApplication     : Starting NotificationServiceApplication using Java 17.0.18 with PID 29236 (C:\Users\Sainath Reddy\Downloads\WORK\LPU Academics\training_capgemini\FounderLink\notification-service\target\classes started by Sainath Reddy in C:\Users\Sainath Reddy\Downloads\WORK\LPU Academics\training_capgemini\FounderLink\notification-service)
2026-03-28T00:38:35.252+05:30  INFO [notification-service,,] 29236 --- [notification-service] [main] [                                                 ] c.p.n.NotificationServiceApplication     : No active profile set, falling back to 1 default profile: "default"
2026-03-28T00:38:39.613+05:30  INFO [notification-service,,] 29236 --- [notification-service] [main] [                                                 ] o.s.cloud.context.scope.GenericScope     : BeanFactory id=8551e36e-362e-3263-bd8d-b65094b43072
2026-03-28T00:38:41.164+05:30  INFO [notification-service,,] 29236 --- [notification-service] [main] [                                                 ] o.s.b.w.embedded.tomcat.TomcatWebServer  : Tomcat initialized with port 8087 (http)
2026-03-28T00:38:41.197+05:30  INFO [notification-service,,] 29236 --- [notification-service] [main] [                                                 ] o.apache.catalina.core.StandardService   : Starting service [Tomcat]
2026-03-28T00:38:41.198+05:30  INFO [notification-service,,] 29236 --- [notification-service] [main] [                                                 ] o.apache.catalina.core.StandardEngine    : Starting Servlet engine: [Apache Tomcat/10.1.40]
2026-03-28T00:38:41.361+05:30  INFO [notification-service,,] 29236 --- [notification-service] [main] [                                                 ] o.a.c.c.C.[Tomcat].[localhost].[/]       : Initializing Spring embedded WebApplicationContext
2026-03-28T00:38:41.367+05:30  INFO [notification-service,,] 29236 --- [notification-service] [main] [                                                 ] w.s.c.ServletWebServerApplicationContext : Root WebApplicationContext: initialization completed in 5995 ms
2026-03-28T00:38:44.982+05:30  INFO [notification-service,,] 29236 --- [notification-service] [main] [                                                 ] DiscoveryClientOptionalArgsConfiguration : Eureka HTTP Client uses RestTemplate.
2026-03-28T00:38:45.085+05:30  WARN [notification-service,,] 29236 --- [notification-service] [main] [                                                 ] iguration$LoadBalancerCaffeineWarnLogger : Spring Cloud LoadBalancer is currently working with the default cache. While this cache implementation is useful for development and tests, it's recommended to use Caffeine cache in production.You can switch to using Caffeine cache, by adding it and org.springframework.cache.caffeine.CaffeineCacheManager to the classpath.
2026-03-28T00:38:45.102+05:30  INFO [notification-service,,] 29236 --- [notification-service] [main] [                                                 ] o.s.b.a.e.web.EndpointLinksResolver      : Exposing 3 endpoints beneath base path '/actuator'
2026-03-28T00:38:45.283+05:30  INFO [notification-service,,] 29236 --- [notification-service] [main] [                                                 ] o.s.c.n.eureka.InstanceInfoFactory       : Setting initial instance status as: STARTING
2026-03-28T00:38:45.328+05:30  INFO [notification-service,,] 29236 --- [notification-service] [main] [                                                 ] com.netflix.discovery.DiscoveryClient    : Initializing Eureka in region us-east-1
2026-03-28T00:38:45.340+05:30  INFO [notification-service,,] 29236 --- [notification-service] [main] [                                                 ] c.n.d.s.r.aws.ConfigClusterResolver      : Resolving eureka endpoints via configuration
2026-03-28T00:38:45.358+05:30  INFO [notification-service,,] 29236 --- [notification-service] [main] [                                                 ] com.netflix.discovery.DiscoveryClient    : Disable delta property : false
2026-03-28T00:38:45.359+05:30  INFO [notification-service,,] 29236 --- [notification-service] [main] [                                                 ] com.netflix.discovery.DiscoveryClient    : Single vip registry refresh property : null
2026-03-28T00:38:45.359+05:30  INFO [notification-service,,] 29236 --- [notification-service] [main] [                                                 ] com.netflix.discovery.DiscoveryClient    : Force full registry fetch : false
2026-03-28T00:38:45.359+05:30  INFO [notification-service,,] 29236 --- [notification-service] [main] [                                                 ] com.netflix.discovery.DiscoveryClient    : Application is null : false
2026-03-28T00:38:45.360+05:30  INFO [notification-service,,] 29236 --- [notification-service] [main] [                                                 ] com.netflix.discovery.DiscoveryClient    : Registered Applications size is zero : true
2026-03-28T00:38:45.360+05:30  INFO [notification-service,,] 29236 --- [notification-service] [main] [                                                 ] com.netflix.discovery.DiscoveryClient    : Application version is -1: true
2026-03-28T00:38:45.361+05:30  INFO [notification-service,,] 29236 --- [notification-service] [main] [                                                 ] com.netflix.discovery.DiscoveryClient    : Getting all instance registry info from the eureka server
2026-03-28T00:38:45.860+05:30  INFO [notification-service,,] 29236 --- [notification-service] [main] [                                                 ] com.netflix.discovery.DiscoveryClient    : The response status is 200
2026-03-28T00:38:45.864+05:30  INFO [notification-service,,] 29236 --- [notification-service] [main] [                                                 ] com.netflix.discovery.DiscoveryClient    : Starting heartbeat executor: renew interval is: 30
2026-03-28T00:38:45.867+05:30  INFO [notification-service,,] 29236 --- [notification-service] [main] [                                                 ] c.n.discovery.InstanceInfoReplicator     : InstanceInfoReplicator onDemand update allowed rate per min is 4
2026-03-28T00:38:45.871+05:30  INFO [notification-service,,] 29236 --- [notification-service] [main] [                                                 ] com.netflix.discovery.DiscoveryClient    : Discovery Client initialized at timestamp 1774638525869 with initial instances count: 12
2026-03-28T00:38:45.875+05:30  INFO [notification-service,,] 29236 --- [notification-service] [main] [                                                 ] o.s.c.n.e.s.EurekaServiceRegistry        : Registering application NOTIFICATION-SERVICE with eureka with status UP
2026-03-28T00:38:45.878+05:30  INFO [notification-service,,] 29236 --- [notification-service] [main] [                                                 ] com.netflix.discovery.DiscoveryClient    : Saw local status change event StatusChangeEvent [timestamp=1774638525878, current=UP, previous=STARTING]
2026-03-28T00:38:45.881+05:30  INFO [notification-service,,] 29236 --- [notification-service] [DiscoveryClient-InstanceInfoReplicator-%d] [                                                 ] com.netflix.discovery.DiscoveryClient    : DiscoveryClient_NOTIFICATION-SERVICE/shannu:notification-service:8087: registering service...
2026-03-28T00:38:45.924+05:30  INFO [notification-service,,] 29236 --- [notification-service] [main] [                                                 ] o.s.b.w.embedded.tomcat.TomcatWebServer  : Tomcat started on port 8087 (http) with context path '/'
2026-03-28T00:38:45.927+05:30  INFO [notification-service,,] 29236 --- [notification-service] [main] [                                                 ] .s.c.n.e.s.EurekaAutoServiceRegistration : Updating port to 8087
2026-03-28T00:38:45.993+05:30  INFO [notification-service,,] 29236 --- [notification-service] [DiscoveryClient-InstanceInfoReplicator-%d] [                                                 ] com.netflix.discovery.DiscoveryClient    : DiscoveryClient_NOTIFICATION-SERVICE/shannu:notification-service:8087 - registration status: 204
2026-03-28T00:38:46.159+05:30  INFO [notification-service,,] 29236 --- [notification-service] [main] [                                                 ] o.s.a.r.c.CachingConnectionFactory       : Attempting to connect to: [localhost:5672]
2026-03-28T00:38:46.251+05:30  INFO [notification-service,,] 29236 --- [notification-service] [main] [                                                 ] o.s.a.r.c.CachingConnectionFactory       : Created new connection: rabbitConnectionFactory#878feb2:0/SimpleConnection@510e6b93 [delegate=amqp://guest@127.0.0.1:5672/, localPort=52797]
2026-03-28T00:38:46.419+05:30  INFO [notification-service,,] 29236 --- [notification-service] [main] [                                                 ] c.p.n.NotificationServiceApplication     : Started NotificationServiceApplication in 12.468 seconds (process running for 13.301)
2026-03-28T00:39:14.132+05:30  INFO [notification-service,,] 29236 --- [notification-service] [http-nio-8087-exec-1] [                                                 ] o.a.c.c.C.[Tomcat].[localhost].[/]       : Initializing Spring DispatcherServlet 'dispatcherServlet'
2026-03-28T00:39:14.132+05:30  INFO [notification-service,,] 29236 --- [notification-service] [http-nio-8087-exec-1] [                                                 ] o.s.web.servlet.DispatcherServlet        : Initializing Servlet 'dispatcherServlet'
2026-03-28T00:39:14.143+05:30  INFO [notification-service,,] 29236 --- [notification-service] [http-nio-8087-exec-1] [                                                 ] o.s.web.servlet.DispatcherServlet        : Completed initialization in 11 ms
2026-03-28T00:41:38.220+05:30  INFO [notification-service,,] 29236 --- [notification-service] [org.springframework.amqp.rabbit.RabbitListenerEndpointContainer#0-1] [                                                 ] c.p.n.consumer.NotificationConsumer      : Received notification event for email=shannuspiky1525@gmail.com
2026-03-28T00:41:43.334+05:30  INFO [notification-service,,] 29236 --- [notification-service] [org.springframework.amqp.rabbit.RabbitListenerEndpointContainer#0-1] [                                                 ] c.p.n.service.NotificationService        : Email sent to shannuspiky1525@gmail.com
2026-03-28T00:41:43.336+05:30  INFO [notification-service,,] 29236 --- [notification-service] [org.springframework.amqp.rabbit.RabbitListenerEndpointContainer#0-1] [                                                 ] c.p.n.consumer.NotificationConsumer      : Notification event processed successfully for email=shannuspiky1525@gmail.com
2026-03-28T00:43:45.373+05:30  INFO [notification-service,,] 29236 --- [notification-service] [AsyncResolver-bootstrap-executor-%d] [                                                 ] c.n.d.s.r.aws.ConfigClusterResolver      : Resolving eureka endpoints via configuration
2026-03-28T00:48:45.416+05:30  INFO [notification-service,,] 29236 --- [notification-service] [AsyncResolver-bootstrap-executor-%d] [                                                 ] c.n.d.s.r.aws.ConfigClusterResolver      : Resolving eureka endpoints via configuration
